<?xml version="1.0" encoding="UTF-8"?>
<testsuites>
  <testsuite name="" tests="4" assertions="20" errors="0" warnings="0" failures="0" skipped="0" time="0.070639">
    <testsuite name="CRUD" tests="2" assertions="18" errors="0" warnings="0" failures="0" skipped="0" time="0.050901">
      <testsuite name="EntityTest" file="/Users/bruno/Projetos/web/potara/core/src/Core/Crud/tests/EntityTest.php" tests="2" assertions="18" errors="0" warnings="0" failures="0" skipped="0" time="0.050901">
        <testcase name="testEntityToPHP" class="EntityTest" classname="EntityTest" file="/Users/bruno/Projetos/web/potara/core/src/Core/Crud/tests/EntityTest.php" line="32" assertions="9" time="0.014524"/>
        <testcase name="testEntityToDB" class="EntityTest" classname="EntityTest" file="/Users/bruno/Projetos/web/potara/core/src/Core/Crud/tests/EntityTest.php" line="46" assertions="9" time="0.036377"/>
      </testsuite>
    </testsuite>
    <testsuite name="Lib" tests="2" assertions="2" errors="0" warnings="0" failures="0" skipped="0" time="0.019738">
      <testsuite name="SlugTest" file="/Users/bruno/Projetos/web/potara/core/src/Core/Lib/tests/SlugTest.php" tests="2" assertions="2" errors="0" warnings="0" failures="0" skipped="0" time="0.019738">
        <testcase name="testSlug" class="SlugTest" classname="SlugTest" file="/Users/bruno/Projetos/web/potara/core/src/Core/Lib/tests/SlugTest.php" line="18" assertions="1" time="0.009986"/>
        <testcase name="testRemoveCaracter" class="SlugTest" classname="SlugTest" file="/Users/bruno/Projetos/web/potara/core/src/Core/Lib/tests/SlugTest.php" line="25" assertions="1" time="0.009752"/>
      </testsuite>
    </testsuite>
  </testsuite>
</testsuites>
