<?xml version="1.0" encoding="UTF-8"?>
<testsuites>
  <testsuite name="" tests="4" assertions="18" errors="0" warnings="0" failures="0" skipped="0" time="0.052883">
    <testsuite name="CRUD" tests="2" assertions="16" errors="0" warnings="0" failures="0" skipped="0" time="0.035037">
      <testsuite name="EntityTest" file="/Users/bruno/Projetos/web/potara/core/src/Core/Crud/tests/EntityTest.php" tests="2" assertions="16" errors="0" warnings="0" failures="0" skipped="0" time="0.035037">
        <testcase name="testEntityToPHP" class="EntityTest" classname="EntityTest" file="/Users/bruno/Projetos/web/potara/core/src/Core/Crud/tests/EntityTest.php" line="32" assertions="8" time="0.015036"/>
        <testcase name="testEntityToDB" class="EntityTest" classname="EntityTest" file="/Users/bruno/Projetos/web/potara/core/src/Core/Crud/tests/EntityTest.php" line="45" assertions="8" time="0.020002"/>
      </testsuite>
    </testsuite>
    <testsuite name="Lib" tests="2" assertions="2" errors="0" warnings="0" failures="0" skipped="0" time="0.017845">
      <testsuite name="SlugTest" file="/Users/bruno/Projetos/web/potara/core/src/Core/Lib/tests/SlugTest.php" tests="2" assertions="2" errors="0" warnings="0" failures="0" skipped="0" time="0.017845">
        <testcase name="testSlug" class="SlugTest" classname="SlugTest" file="/Users/bruno/Projetos/web/potara/core/src/Core/Lib/tests/SlugTest.php" line="18" assertions="1" time="0.008606"/>
        <testcase name="testRemoveCaracter" class="SlugTest" classname="SlugTest" file="/Users/bruno/Projetos/web/potara/core/src/Core/Lib/tests/SlugTest.php" line="25" assertions="1" time="0.009239"/>
      </testsuite>
    </testsuite>
  </testsuite>
</testsuites>
